2026-04-22 17:04:17,860 | WARNING | ACTION: OTP_VERIFY_FAIL | MSISDN: 224622123456 | MSG: Code incorrect | SESSION_ID: DC34B909DB226F9D
2026-04-22 17:04:17,873 | INFO | ACTION: OTP_REQUEST | MSISDN: 224622123456 | SESSION_ID: B854CA7418CA10DF
2026-04-22 17:04:17,881 | WARNING | ACTION: OTP_VERIFY_FAIL | MSISDN: 224622123456 | MSG: Code incorrect | SESSION_ID: B854CA7418CA10DF
2026-04-22 17:05:20,828 | WARNING | ACTION: OTP_VERIFY_FAIL | MSISDN: 224622123456 | MSG: Code incorrect | SESSION_ID: 216364DC89DD2A40
2026-04-22 17:05:20,848 | INFO | ACTION: OTP_REQUEST | MSISDN: 224622123456 | SESSION_ID: B65FF4D275EEDEE5
2026-04-22 17:05:20,864 | WARNING | ACTION: OTP_VERIFY_FAIL | MSISDN: 224622123456 | MSG: Code incorrect | SESSION_ID: B65FF4D275EEDEE5
2026-04-22 17:06:23,851 | WARNING | ACTION: OTP_VERIFY_FAIL | MSISDN: 224622123456 | MSG: Session expirťe | SESSION_ID: D8D16BFEC7233429
2026-04-22 17:06:23,861 | INFO | ACTION: OTP_REQUEST | MSISDN: 224622123456 | SESSION_ID: 3D596F15148A639A
2026-04-22 17:06:23,867 | WARNING | ACTION: OTP_VERIFY_FAIL | MSISDN: 224622123456 | MSG: Code incorrect | SESSION_ID: 3D596F15148A639A
2026-04-22 17:15:19,672 | WARNING | ACTION: OTP_VERIFY_FAIL | MSISDN: 224622123456 | MSG: Session expirťe | SESSION_ID: 314FDF58674919C4
2026-04-22 17:15:19,691 | INFO | ACTION: OTP_REQUEST | MSISDN: 224622123456 | SESSION_ID: F6E69157AE8FCD88
2026-04-22 17:15:19,704 | WARNING | ACTION: OTP_VERIFY_FAIL | MSISDN: 224622123456 | MSG: Code incorrect | SESSION_ID: F6E69157AE8FCD88
2026-04-22 17:15:19,713 | INFO | ACTION: OTP_VERIFY_SUCCESS | MSISDN: 224622123456 | SESSION_ID: F6E69157AE8FCD88
2026-04-22 17:15:19,720 | WARNING | ACTION: OTP_VERIFY_FAIL | MSG: Session introuvable ou expirťe | SESSION_ID: INVALID-ID
2026-04-22 17:15:19,725 | INFO | ACTION: OTP_REQUEST | MSISDN: 224622123456 | SESSION_ID: 328AE2763498CD21
2026-04-22 17:15:19,730 | INFO | ACTION: OTP_REQUEST | MSISDN: 224664998877 | SESSION_ID: A2CB9DF852616D62
2026-04-22 20:11:21,606 | ERROR | Exception in callback _ProactorBasePipeTransport._call_connection_lost()
handle: <Handle _ProactorBasePipeTransport._call_connection_lost()>
Traceback (most recent call last):
  File "C:\Users\Djiba Kourouma\AppData\Local\Programs\Python\Python313\Lib\asyncio\events.py", line 89, in _run
    self._context.run(self._callback, *self._args)
    ~~~~~~~~~~~~~~~~~^^^^^^^^^^^^^^^^^^^^^^^^^^^^^
  File "C:\Users\Djiba Kourouma\AppData\Local\Programs\Python\Python313\Lib\asyncio\proactor_events.py", line 165, in _call_connection_lost
    self._sock.shutdown(socket.SHUT_RDWR)
    ~~~~~~~~~~~~~~~~~~~^^^^^^^^^^^^^^^^^^
ConnectionResetError: [WinError 10054] Une connexion existante a dŻ Ítre fermťe par líhŰte distant
2026-04-22 20:24:02,322 | INFO | ACTION: OTP_REQUEST | MSISDN: 622123456 | SESSION_ID: BFAE9C6FC2CD73C9
2026-04-22 20:24:15,858 | WARNING | ACTION: OTP_VERIFY_FAIL | MSISDN: 622123456 | MSG: Code incorrect | SESSION_ID: BFAE9C6FC2CD73C9
2026-04-22 20:24:54,648 | INFO | ACTION: OTP_REQUEST | MSISDN: 622123456 | SESSION_ID: 6CBA1923254D7E1F
2026-04-22 20:26:52,434 | INFO | ACTION: OTP_REQUEST | MSISDN: 622123456 | SESSION_ID: E38BEF334DF2FEF9
2026-04-22 20:27:00,151 | WARNING | ACTION: OTP_VERIFY_FAIL | MSISDN: 622123456 | MSG: Code incorrect | SESSION_ID: E38BEF334DF2FEF9
2026-04-22 20:27:41,523 | WARNING | ACTION: OTP_VERIFY_FAIL | MSISDN: 622123456 | MSG: Code incorrect | SESSION_ID: E38BEF334DF2FEF9
2026-04-22 20:27:58,642 | INFO | ACTION: OTP_REQUEST | MSISDN: 622123456 | SESSION_ID: BE3AE2833392A50B
2026-04-22 20:28:03,769 | WARNING | ACTION: OTP_VERIFY_FAIL | MSISDN: 622123456 | MSG: Code incorrect | SESSION_ID: BE3AE2833392A50B
2026-04-22 20:29:54,242 | WARNING | ACTION: OTP_VERIFY_FAIL | MSG: Session introuvable ou expirťe | SESSION_ID: BE3AE2833392A50B
